<?xml version="1.0" encoding="utf-8"?><testsuites name="pytest tests"><testsuite name="pytest" errors="0" failures="2" skipped="0" tests="11" time="5.018" timestamp="2026-06-09T17:49:53.563337+00:00" hostname="agent-env-a60f81da-59c2-4e00-87ab-4ce9b2dbb3d4"><testcase classname="backend.tests.test_iteration_2.TestAutoTxSync" name="test_auto_pembelian_on_create" time="0.725" /><testcase classname="backend.tests.test_iteration_2.TestAutoTxSync" name="test_auto_penjualan_on_mark_sold" time="0.440" /><testcase classname="backend.tests.test_iteration_2.TestAutoTxSync" name="test_revert_sold_removes_penjualan" time="0.491" /><testcase classname="backend.tests.test_iteration_2.TestAutoTxSync" name="test_delete_removes_both_auto_txs" time="0.442" /><testcase classname="backend.tests.test_iteration_2.TestPeriodFilter" name="test_cash_book_periods" time="0.210" /><testcase classname="backend.tests.test_iteration_2.TestPeriodFilter" name="test_profit_loss_periods" time="0.166" /><testcase classname="backend.tests.test_iteration_2.TestDashboardChart" name="test_chart_has_six_buckets" time="0.059" /><testcase classname="backend.tests.test_iteration_2.TestBruteForce" name="test_lockout_after_five_failures" time="0.818"><failure message="AssertionError: Expected 429, got 401 {&quot;detail&quot;:&quot;Email atau password salah&quot;}&#10;assert 401 == 429&#10; +  where 401 = &lt;Response [401]&gt;.status_code">backend/tests/test_iteration_2.py:176: in test_lockout_after_five_failures
    assert r6.status_code == 429, f"Expected 429, got {r6.status_code} {r6.text}"
E   AssertionError: Expected 429, got 401 {"detail":"Email atau password salah"}
E   assert 401 == 429
E    +  where 401 = &lt;Response [401]&gt;.status_code</failure></testcase><testcase classname="backend.tests.test_iteration_2.TestBruteForce" name="test_successful_login_clears_lockout" time="0.757"><failure message="assert 401 == 429&#10; +  where 401 = &lt;Response [401]&gt;.status_code">backend/tests/test_iteration_2.py:190: in test_successful_login_clears_lockout
    assert r.status_code == 429
E   assert 401 == 429
E    +  where 401 = &lt;Response [401]&gt;.status_code</failure></testcase><testcase classname="backend.tests.test_iteration_2.TestE2EBalanced" name="test_balanced_after_add_and_sell" time="0.562" /><testcase classname="backend.tests.test_iteration_2.TestE2EBalanced" name="test_balanced_with_unsold_inventory" time="0.229" /></testsuite></testsuites>