<?xml version="1.0" encoding="utf-8"?><testsuites name="pytest tests"><testsuite name="pytest" errors="0" failures="0" skipped="0" tests="11" time="5.283" timestamp="2026-06-09T17:55:29.031322+00:00" hostname="agent-env-a60f81da-59c2-4e00-87ab-4ce9b2dbb3d4"><testcase classname="backend.tests.test_iteration_2.TestAutoTxSync" name="test_auto_pembelian_on_create" time="0.597" /><testcase classname="backend.tests.test_iteration_2.TestAutoTxSync" name="test_auto_penjualan_on_mark_sold" time="0.390" /><testcase classname="backend.tests.test_iteration_2.TestAutoTxSync" name="test_revert_sold_removes_penjualan" time="0.506" /><testcase classname="backend.tests.test_iteration_2.TestAutoTxSync" name="test_delete_removes_both_auto_txs" time="0.448" /><testcase classname="backend.tests.test_iteration_2.TestPeriodFilter" name="test_cash_book_periods" time="0.242" /><testcase classname="backend.tests.test_iteration_2.TestPeriodFilter" name="test_profit_loss_periods" time="0.190" /><testcase classname="backend.tests.test_iteration_2.TestDashboardChart" name="test_chart_has_six_buckets" time="0.068" /><testcase classname="backend.tests.test_iteration_2.TestBruteForce" name="test_lockout_after_five_failures" time="0.678" /><testcase classname="backend.tests.test_iteration_2.TestBruteForce" name="test_successful_login_clears_lockout" time="1.286" /><testcase classname="backend.tests.test_iteration_2.TestE2EBalanced" name="test_balanced_after_add_and_sell" time="0.577" /><testcase classname="backend.tests.test_iteration_2.TestE2EBalanced" name="test_balanced_with_unsold_inventory" time="0.235" /></testsuite></testsuites>