<?xml version="1.0" encoding="utf-8"?><testsuites name="pytest tests"><testsuite name="pytest" errors="0" failures="0" skipped="0" tests="17" time="3.323" timestamp="2026-06-09T17:23:04.264624+00:00" hostname="agent-env-a60f81da-59c2-4e00-87ab-4ce9b2dbb3d4"><testcase classname="backend.tests.backend_test.TestAuth" name="test_me_unauthenticated" time="0.247" /><testcase classname="backend.tests.backend_test.TestAuth" name="test_register_new_user" time="0.404" /><testcase classname="backend.tests.backend_test.TestAuth" name="test_login_admin" time="0.418" /><testcase classname="backend.tests.backend_test.TestAuth" name="test_login_invalid" time="0.338" /><testcase classname="backend.tests.backend_test.TestAuth" name="test_logout" time="0.498" /><testcase classname="backend.tests.backend_test.TestBeginningBalance" name="test_put_and_get" time="0.125" /><testcase classname="backend.tests.backend_test.TestReadyStock" name="test_create" time="0.056" /><testcase classname="backend.tests.backend_test.TestReadyStock" name="test_list" time="0.053" /><testcase classname="backend.tests.backend_test.TestReadyStock" name="test_update" time="0.062" /><testcase classname="backend.tests.backend_test.TestReadyStock" name="test_profit_loss_after_sale" time="0.056" /><testcase classname="backend.tests.backend_test.TestReadyStock" name="test_delete" time="0.107" /><testcase classname="backend.tests.backend_test.TestImageUpload" name="test_upload_and_serve" time="0.576" /><testcase classname="backend.tests.backend_test.TestCashBook" name="test_create" time="0.056" /><testcase classname="backend.tests.backend_test.TestCashBook" name="test_list_with_running_balance" time="0.053" /><testcase classname="backend.tests.backend_test.TestCashBook" name="test_delete" time="0.076" /><testcase classname="backend.tests.backend_test.TestReports" name="test_balance_sheet" time="0.062" /><testcase classname="backend.tests.backend_test.TestReports" name="test_summary" time="0.057" /></testsuite></testsuites>